<?xml version="1.0" encoding="UTF-8"?>
<!-- Generated by org.testng.reporters.JUnitXMLReporter -->
<testsuite ignored="0" hostname="Kiran-PC" failures="0" tests="4" name="Test" time="0.182" errors="0" timestamp="2022-12-30T12:17:18 IST">
  <testcase classname="scripts.Tc1" name="demo" time="0.06"/>
  <testcase classname="scripts.Tc2" name="demo" time="0.003"/>
  <testcase classname="scripts.Tc3" name="demo" time="0.003"/>
  <testcase classname="scripts.Tc4" name="demo" time="0.003"/>
</testsuite> <!-- Test -->
