<?xml version="1.0" encoding="UTF-8"?>
<testng-results ignored="0" total="4" passed="4" failed="0" skipped="0">
  <reporter-output>
    <line>
      <![CDATA[hello java]]>
    </line>
    <line>
      <![CDATA[hello JavaSelenium]]>
    </line>
    <line>
      <![CDATA[hello python]]>
    </line>
    <line>
      <![CDATA[hello Pythonselenium]]>
    </line>
  </reporter-output>
  <suite started-at="2022-12-30T12:17:17 IST" name="Suite" finished-at="2022-12-30T12:17:18 IST" duration-ms="182">
    <groups>
    </groups>
    <test started-at="2022-12-30T12:17:17 IST" name="Test" finished-at="2022-12-30T12:17:18 IST" duration-ms="182">
      <class name="scripts.Tc3">
        <test-method signature="demo()[pri:0, instance:scripts.Tc3@1622f1b]" started-at="2022-12-30T12:17:18 IST" name="demo" finished-at="2022-12-30T12:17:18 IST" duration-ms="3" status="PASS">
          <reporter-output>
            <line>
              <![CDATA[hello python]]>
            </line>
          </reporter-output>
        </test-method> <!-- demo -->
      </class> <!-- scripts.Tc3 -->
      <class name="scripts.Tc4">
        <test-method signature="demo()[pri:0, instance:scripts.Tc4@72a7c7e0]" started-at="2022-12-30T12:17:18 IST" name="demo" finished-at="2022-12-30T12:17:18 IST" duration-ms="3" status="PASS">
          <reporter-output>
            <line>
              <![CDATA[hello Pythonselenium]]>
            </line>
          </reporter-output>
        </test-method> <!-- demo -->
      </class> <!-- scripts.Tc4 -->
      <class name="scripts.Tc1">
        <test-method signature="demo()[pri:0, instance:scripts.Tc1@4a22f9e2]" started-at="2022-12-30T12:17:18 IST" name="demo" finished-at="2022-12-30T12:17:18 IST" duration-ms="60" status="PASS">
          <reporter-output>
            <line>
              <![CDATA[hello java]]>
            </line>
          </reporter-output>
        </test-method> <!-- demo -->
      </class> <!-- scripts.Tc1 -->
      <class name="scripts.Tc2">
        <test-method signature="demo()[pri:0, instance:scripts.Tc2@3e92efc3]" started-at="2022-12-30T12:17:18 IST" name="demo" finished-at="2022-12-30T12:17:18 IST" duration-ms="3" status="PASS">
          <reporter-output>
            <line>
              <![CDATA[hello JavaSelenium]]>
            </line>
          </reporter-output>
        </test-method> <!-- demo -->
      </class> <!-- scripts.Tc2 -->
    </test> <!-- Test -->
  </suite> <!-- Suite -->
</testng-results>
